<?xml version="1.0" encoding="UTF-8"?>
<!-- Generated by org.testng.reporters.JUnitReportReporter -->
<testsuite hostname="halulaimi" failures="0" tests="1" name="tests.ContactUsTest" time="6.018" errors="0" timestamp="2024-12-11T21:30:16 EET" skipped="0">
  <testcase classname="tests.ContactUsTest" name="FillTheContactUsWithValidData" time="6.018"/>
  <system-out/>
</testsuite> <!-- tests.ContactUsTest -->
